<?xml version="1.0" encoding="UTF-8"?>
<testsuite name="SILab2Test" tests="1" skipped="0" failures="0" errors="0" timestamp="2021-05-27T19:58:11" hostname="DARKNET" time="0.022">
  <properties/>
  <testcase name="MultipleConditionTest()" classname="SILab2Test" time="0.022"/>
  <system-out><![CDATA[]]></system-out>
  <system-err><![CDATA[]]></system-err>
</testsuite>
